[git.cc] One or more errors or exceptions occured at 2010-10-26 17:32:15

Uncaught fProgrammerException
-----------------------------
{doc_root}\petalon\petalon\index.php(3): require('D:\AppServ\www\...')
{doc_root}\petalon\petalon\system\init.php(32): Moor::run()
{doc_root}\petalon\petalon\system\lib\moor\Moor.php(540): Moor::dispatchRoute(Object(stdClass))
{doc_root}\petalon\petalon\system\lib\moor\Moor.php(768): MoorActionController->__construct()
{doc_root}\petalon\petalon\system\lib\moor\MoorActionController.php(22): MoorAbstractController->__construct()
{doc_root}\petalon\petalon\system\lib\moor\MoorAbstractController.php(23): call_user_func(Array)
[internal function]: Controller_Demo_Home->index()
{doc_root}\petalon\petalon\system\controller\demo\home.php(39): include('D:\AppServ\www\...')
{doc_root}\petalon\petalon\system\view\demo\home\index.php(2): fTemplating->place('header')
{doc_root}\petalon\petalon\system\lib\flourish\fTemplating.php(1067): fTemplating->placeElement('header', NULL)
{doc_root}\petalon\petalon\system\lib\flourish\fTemplating.php(1170): fTemplating->placePHP('header', 'partial/header....')
{doc_root}\petalon\petalon\system\lib\flourish\fTemplating.php(1220)
The path specified for header, D:/AppServ/www/git.cc\partial/header.php, does not exist on the filesystem

[git.cc] One or more errors or exceptions occured at 2010-10-26 17:32:28

Uncaught fProgrammerException
-----------------------------
{doc_root}\petalon\petalon\index.php(3): require('D:\AppServ\www\...')
{doc_root}\petalon\petalon\system\init.php(32): Moor::run()
{doc_root}\petalon\petalon\system\lib\moor\Moor.php(540): Moor::dispatchRoute(Object(stdClass))
{doc_root}\petalon\petalon\system\lib\moor\Moor.php(768): MoorActionController->__construct()
{doc_root}\petalon\petalon\system\lib\moor\MoorActionController.php(22): MoorAbstractController->__construct()
{doc_root}\petalon\petalon\system\lib\moor\MoorAbstractController.php(23): call_user_func(Array)
[internal function]: Controller_Demo_Home->index()
{doc_root}\petalon\petalon\system\controller\demo\home.php(39): include('D:\AppServ\www\...')
{doc_root}\petalon\petalon\system\view\demo\home\index.php(2): fTemplating->place('header')
{doc_root}\petalon\petalon\system\lib\flourish\fTemplating.php(1067): fTemplating->placeElement('header', NULL)
{doc_root}\petalon\petalon\system\lib\flourish\fTemplating.php(1170): fTemplating->placePHP('header', 'partial/header....')
{doc_root}\petalon\petalon\system\lib\flourish\fTemplating.php(1220)
The path specified for header, D:/AppServ/www/git.cc\partial/header.php, does not exist on the filesystem

[git.cc] One or more errors or exceptions occured at 2010-10-26 17:32:29

Uncaught fProgrammerException
-----------------------------
{doc_root}\petalon\petalon\index.php(3): require('D:\AppServ\www\...')
{doc_root}\petalon\petalon\system\init.php(32): Moor::run()
{doc_root}\petalon\petalon\system\lib\moor\Moor.php(540): Moor::dispatchRoute(Object(stdClass))
{doc_root}\petalon\petalon\system\lib\moor\Moor.php(768): MoorActionController->__construct()
{doc_root}\petalon\petalon\system\lib\moor\MoorActionController.php(22): MoorAbstractController->__construct()
{doc_root}\petalon\petalon\system\lib\moor\MoorAbstractController.php(23): call_user_func(Array)
[internal function]: Controller_Demo_Home->index()
{doc_root}\petalon\petalon\system\controller\demo\home.php(39): include('D:\AppServ\www\...')
{doc_root}\petalon\petalon\system\view\demo\home\index.php(2): fTemplating->place('header')
{doc_root}\petalon\petalon\system\lib\flourish\fTemplating.php(1067): fTemplating->placeElement('header', NULL)
{doc_root}\petalon\petalon\system\lib\flourish\fTemplating.php(1170): fTemplating->placePHP('header', 'partial/header....')
{doc_root}\petalon\petalon\system\lib\flourish\fTemplating.php(1220)
The path specified for header, D:/AppServ/www/git.cc\partial/header.php, does not exist on the filesystem

